Build started 4/21/2015 9:31:22 PM.
     1>Project "C:\Users\Manuel\Documents\AGK\apps\template_windows_vs2013\Template.vcxproj" on node 2 (Build target(s)).
     1>Link:
         C:\Program Files (x86)\Microsoft Visual Studio 12.0\VC\bin\link.exe /ERRORREPORT:PROMPT /OUT:"Final\Template.exe" /INCREMENTAL /NOLOGO /LIBPATH:..\..\platform\windows\Lib\VS2013\Debug AGKWindows.lib OpenGL32.lib winmm.lib dwmapi.lib kernel32.lib user32.lib gdi32.lib winspool.lib comdlg32.lib advapi32.lib shell32.lib ole32.lib oleaut32.lib uuid.lib odbc32.lib odbccp32.lib Delayimp.lib /DELAYLOAD:Dwmapi.dll /MANIFEST /MANIFESTUAC:"level='asInvoker' uiAccess='false'" /manifest:embed /DEBUG /PDB:"Final\Template.pdb" /SUBSYSTEM:WINDOWS,"5.01" /TLBID:1 /DYNAMICBASE /NXCOMPAT /IMPLIB:"Final\Template.lib" /MACHINE:X86 /SAFESEH:NO Debug\Core.obj
         Debug\main.obj
         Debug\template.obj
         ..\..\platform\windows\Lib\VS2013\Release\AGKWindows.lib
     1>LINK : fatal error LNK1104: cannot open file 'AGKWindows.lib'
     1>Done Building Project "C:\Users\Manuel\Documents\AGK\apps\template_windows_vs2013\Template.vcxproj" (Build target(s)) -- FAILED.

Build FAILED.

Time Elapsed 00:00:00.39
